<?xml version="1.0" encoding="UTF-8"?>
<robot generator="Robot 6.1.1 (Python 3.12.1 on darwin)" generated="20241119 00:13:04.345" rpa="false" schemaversion="4">
<suite id="s1" name="Register" source="/Users/eddie/palautusrepositio/viikko3/web-login/src/tests/register.robot">
<kw name="Open And Configure Browser" library="resource" type="SETUP">
<if>
<branch type="IF" condition="$BROWSER == 'chrome'">
<kw name="Evaluate" library="BuiltIn">
<var>${options}</var>
<arg>sys.modules['selenium.webdriver'].ChromeOptions()</arg>
<arg>sys</arg>
<doc>Evaluates the given expression in Python and returns the result.</doc>
<msg timestamp="20241119 00:13:04.428" level="INFO">${options} = &lt;selenium.webdriver.chrome.options.Options object at 0x106e942f0&gt;</msg>
<status status="PASS" starttime="20241119 00:13:04.428" endtime="20241119 00:13:04.428"/>
</kw>
<status status="PASS" starttime="20241119 00:13:04.428" endtime="20241119 00:13:04.428"/>
</branch>
<branch type="ELSE IF" condition="$BROWSER == 'firefox'">
<kw name="Evaluate" library="BuiltIn">
<var>${options}</var>
<arg>sys.modules['selenium.webdriver'].FirefoxOptions()</arg>
<arg>sys</arg>
<doc>Evaluates the given expression in Python and returns the result.</doc>
<status status="NOT RUN" starttime="20241119 00:13:04.428" endtime="20241119 00:13:04.428"/>
</kw>
<status status="NOT RUN" starttime="20241119 00:13:04.428" endtime="20241119 00:13:04.428"/>
</branch>
<status status="PASS" starttime="20241119 00:13:04.428" endtime="20241119 00:13:04.429"/>
</if>
<if>
<branch type="IF" condition="$HEADLESS == 'true'">
<kw name="Set Selenium Speed" library="SeleniumLibrary">
<arg>0</arg>
<doc>Sets the delay that is waited after each Selenium command.</doc>
<status status="NOT RUN" starttime="20241119 00:13:04.429" endtime="20241119 00:13:04.429"/>
</kw>
<kw name="Call Method" library="BuiltIn">
<arg>${options}</arg>
<arg>add_argument</arg>
<arg>--headless</arg>
<doc>Calls the named method of the given object with the provided arguments.</doc>
<status status="NOT RUN" starttime="20241119 00:13:04.429" endtime="20241119 00:13:04.429"/>
</kw>
<status status="NOT RUN" starttime="20241119 00:13:04.429" endtime="20241119 00:13:04.429"/>
</branch>
<branch type="ELSE">
<kw name="Set Selenium Speed" library="SeleniumLibrary">
<arg>${DELAY}</arg>
<doc>Sets the delay that is waited after each Selenium command.</doc>
<status status="PASS" starttime="20241119 00:13:04.429" endtime="20241119 00:13:04.429"/>
</kw>
<status status="PASS" starttime="20241119 00:13:04.429" endtime="20241119 00:13:04.429"/>
</branch>
<status status="PASS" starttime="20241119 00:13:04.429" endtime="20241119 00:13:04.429"/>
</if>
<kw name="Open Browser" library="SeleniumLibrary">
<arg>browser=${BROWSER}</arg>
<arg>options=${options}</arg>
<doc>Opens a new browser instance to the optional ``url``.</doc>
<msg timestamp="20241119 00:13:04.429" level="INFO">Opening browser 'chrome' to base url 'None'.</msg>
<status status="PASS" starttime="20241119 00:13:04.429" endtime="20241119 00:13:05.230"/>
</kw>
<status status="PASS" starttime="20241119 00:13:04.428" endtime="20241119 00:13:05.230"/>
</kw>
<test id="s1-t1" name="Register With Valid Username And Password" line="8">
<kw name="Reset Application Create User And Go To Register Page" type="SETUP">
<kw name="Reset Application" library="AppLibrary">
<status status="PASS" starttime="20241119 00:13:05.232" endtime="20241119 00:13:05.237"/>
</kw>
<kw name="Go To Register Page" library="resource">
<kw name="Go To" library="SeleniumLibrary">
<arg>${REGISTER_URL}</arg>
<doc>Navigates the current browser window to the provided ``url``.</doc>
<msg timestamp="20241119 00:13:05.237" level="INFO">Opening url 'http://localhost:5001/register'</msg>
<status status="PASS" starttime="20241119 00:13:05.237" endtime="20241119 00:13:05.764"/>
</kw>
<status status="PASS" starttime="20241119 00:13:05.237" endtime="20241119 00:13:05.764"/>
</kw>
<status status="PASS" starttime="20241119 00:13:05.232" endtime="20241119 00:13:05.764"/>
</kw>
<kw name="Set Username">
<arg>testuser</arg>
<kw name="Input Text" library="SeleniumLibrary">
<arg>username</arg>
<arg>${username}</arg>
<doc>Types the given ``text`` into the text field identified by ``locator``.</doc>
<msg timestamp="20241119 00:13:05.766" level="INFO">Typing text 'testuser' into text field 'username'.</msg>
<status status="PASS" starttime="20241119 00:13:05.765" endtime="20241119 00:13:07.405"/>
</kw>
<status status="PASS" starttime="20241119 00:13:05.765" endtime="20241119 00:13:07.406"/>
</kw>
<kw name="Set Password">
<arg>test123456</arg>
<kw name="Input Password" library="SeleniumLibrary">
<arg>password</arg>
<arg>${password}</arg>
<doc>Types the given password into the text field identified by ``locator``.</doc>
<msg timestamp="20241119 00:13:07.407" level="INFO">Typing password into text field 'password'.</msg>
<msg timestamp="20241119 00:13:08.448" level="INFO">Temporally setting log level to: NONE</msg>
<msg timestamp="20241119 00:13:08.991" level="INFO">Log level changed from NONE to INFO.</msg>
<status status="PASS" starttime="20241119 00:13:07.407" endtime="20241119 00:13:08.991"/>
</kw>
<status status="PASS" starttime="20241119 00:13:07.406" endtime="20241119 00:13:08.992"/>
</kw>
<kw name="Set Password Confirmation">
<arg>test123456</arg>
<kw name="Input Password" library="SeleniumLibrary">
<arg>password_confirmation</arg>
<arg>${password}</arg>
<doc>Types the given password into the text field identified by ``locator``.</doc>
<msg timestamp="20241119 00:13:08.994" level="INFO">Typing password into text field 'password_confirmation'.</msg>
<msg timestamp="20241119 00:13:10.040" level="INFO">Temporally setting log level to: NONE</msg>
<msg timestamp="20241119 00:13:10.582" level="INFO">Log level changed from NONE to INFO.</msg>
<status status="PASS" starttime="20241119 00:13:08.993" endtime="20241119 00:13:10.582"/>
</kw>
<status status="PASS" starttime="20241119 00:13:08.992" endtime="20241119 00:13:10.582"/>
</kw>
<kw name="Submit Registration">
<kw name="Click Button" library="SeleniumLibrary">
<arg>Register</arg>
<doc>Clicks the button identified by ``locator``.</doc>
<msg timestamp="20241119 00:13:10.584" level="INFO">Clicking button 'Register'.</msg>
<status status="PASS" starttime="20241119 00:13:10.583" endtime="20241119 00:13:12.666"/>
</kw>
<status status="PASS" starttime="20241119 00:13:10.582" endtime="20241119 00:13:12.666"/>
</kw>
<kw name="Registration Should Succeed">
<kw name="Welcome Page Should Be Open" library="resource">
<kw name="Title Should Be" library="SeleniumLibrary">
<arg>Welcome to Ohtu Application!</arg>
<doc>Verifies that the current page title equals ``title``.</doc>
<msg timestamp="20241119 00:13:13.174" level="INFO">Page title is 'Welcome to Ohtu Application!'.</msg>
<status status="PASS" starttime="20241119 00:13:12.667" endtime="20241119 00:13:13.175"/>
</kw>
<status status="PASS" starttime="20241119 00:13:12.667" endtime="20241119 00:13:13.175"/>
</kw>
<status status="PASS" starttime="20241119 00:13:12.667" endtime="20241119 00:13:13.175"/>
</kw>
<status status="PASS" starttime="20241119 00:13:05.231" endtime="20241119 00:13:13.175"/>
</test>
<test id="s1-t2" name="Register With Too Short Username And Valid Password" line="15">
<kw name="Reset Application Create User And Go To Register Page" type="SETUP">
<kw name="Reset Application" library="AppLibrary">
<status status="PASS" starttime="20241119 00:13:13.176" endtime="20241119 00:13:13.180"/>
</kw>
<kw name="Go To Register Page" library="resource">
<kw name="Go To" library="SeleniumLibrary">
<arg>${REGISTER_URL}</arg>
<doc>Navigates the current browser window to the provided ``url``.</doc>
<msg timestamp="20241119 00:13:13.181" level="INFO">Opening url 'http://localhost:5001/register'</msg>
<status status="PASS" starttime="20241119 00:13:13.181" endtime="20241119 00:13:13.700"/>
</kw>
<status status="PASS" starttime="20241119 00:13:13.181" endtime="20241119 00:13:13.700"/>
</kw>
<status status="PASS" starttime="20241119 00:13:13.176" endtime="20241119 00:13:13.700"/>
</kw>
<kw name="Set Username">
<arg>te</arg>
<kw name="Input Text" library="SeleniumLibrary">
<arg>username</arg>
<arg>${username}</arg>
<doc>Types the given ``text`` into the text field identified by ``locator``.</doc>
<msg timestamp="20241119 00:13:13.702" level="INFO">Typing text 'te' into text field 'username'.</msg>
<status status="PASS" starttime="20241119 00:13:13.701" endtime="20241119 00:13:15.289"/>
</kw>
<status status="PASS" starttime="20241119 00:13:13.701" endtime="20241119 00:13:15.289"/>
</kw>
<kw name="Set Password">
<arg>test12345</arg>
<kw name="Input Password" library="SeleniumLibrary">
<arg>password</arg>
<arg>${password}</arg>
<doc>Types the given password into the text field identified by ``locator``.</doc>
<msg timestamp="20241119 00:13:15.290" level="INFO">Typing password into text field 'password'.</msg>
<msg timestamp="20241119 00:13:16.313" level="INFO">Temporally setting log level to: NONE</msg>
<msg timestamp="20241119 00:13:16.836" level="INFO">Log level changed from NONE to INFO.</msg>
<status status="PASS" starttime="20241119 00:13:15.290" endtime="20241119 00:13:16.836"/>
</kw>
<status status="PASS" starttime="20241119 00:13:15.290" endtime="20241119 00:13:16.837"/>
</kw>
<kw name="Set Password Confirmation">
<arg>test12345</arg>
<kw name="Input Password" library="SeleniumLibrary">
<arg>password_confirmation</arg>
<arg>${password}</arg>
<doc>Types the given password into the text field identified by ``locator``.</doc>
<msg timestamp="20241119 00:13:16.838" level="INFO">Typing password into text field 'password_confirmation'.</msg>
<msg timestamp="20241119 00:13:17.872" level="INFO">Temporally setting log level to: NONE</msg>
<msg timestamp="20241119 00:13:18.413" level="INFO">Log level changed from NONE to INFO.</msg>
<status status="PASS" starttime="20241119 00:13:16.837" endtime="20241119 00:13:18.413"/>
</kw>
<status status="PASS" starttime="20241119 00:13:16.837" endtime="20241119 00:13:18.413"/>
</kw>
<kw name="Submit Registration">
<kw name="Click Button" library="SeleniumLibrary">
<arg>Register</arg>
<doc>Clicks the button identified by ``locator``.</doc>
<msg timestamp="20241119 00:13:18.414" level="INFO">Clicking button 'Register'.</msg>
<status status="PASS" starttime="20241119 00:13:18.414" endtime="20241119 00:13:20.500"/>
</kw>
<status status="PASS" starttime="20241119 00:13:18.414" endtime="20241119 00:13:20.500"/>
</kw>
<kw name="Registration Should Fail With Message">
<arg>Username must be at least 3 characters long</arg>
<kw name="Register Page Should Be Open" library="resource">
<kw name="Title Should Be" library="SeleniumLibrary">
<arg>Register</arg>
<doc>Verifies that the current page title equals ``title``.</doc>
<msg timestamp="20241119 00:13:21.012" level="INFO">Page title is 'Register'.</msg>
<status status="PASS" starttime="20241119 00:13:20.502" endtime="20241119 00:13:21.013"/>
</kw>
<status status="PASS" starttime="20241119 00:13:20.502" endtime="20241119 00:13:21.013"/>
</kw>
<kw name="Page Should Contain" library="SeleniumLibrary">
<arg>${message}</arg>
<doc>Verifies that current page contains ``text``.</doc>
<msg timestamp="20241119 00:13:22.042" level="INFO">Current page contains text 'Username must be at least 3 characters long'.</msg>
<status status="PASS" starttime="20241119 00:13:21.013" endtime="20241119 00:13:22.042"/>
</kw>
<status status="PASS" starttime="20241119 00:13:20.501" endtime="20241119 00:13:22.042"/>
</kw>
<status status="PASS" starttime="20241119 00:13:13.175" endtime="20241119 00:13:22.042"/>
</test>
<test id="s1-t3" name="Register With Valid Username And Too Short Password" line="22">
<kw name="Reset Application Create User And Go To Register Page" type="SETUP">
<kw name="Reset Application" library="AppLibrary">
<status status="PASS" starttime="20241119 00:13:22.043" endtime="20241119 00:13:22.046"/>
</kw>
<kw name="Go To Register Page" library="resource">
<kw name="Go To" library="SeleniumLibrary">
<arg>${REGISTER_URL}</arg>
<doc>Navigates the current browser window to the provided ``url``.</doc>
<msg timestamp="20241119 00:13:22.047" level="INFO">Opening url 'http://localhost:5001/register'</msg>
<status status="PASS" starttime="20241119 00:13:22.046" endtime="20241119 00:13:22.564"/>
</kw>
<status status="PASS" starttime="20241119 00:13:22.046" endtime="20241119 00:13:22.564"/>
</kw>
<status status="PASS" starttime="20241119 00:13:22.043" endtime="20241119 00:13:22.564"/>
</kw>
<kw name="Set Username">
<arg>testuser</arg>
<kw name="Input Text" library="SeleniumLibrary">
<arg>username</arg>
<arg>${username}</arg>
<doc>Types the given ``text`` into the text field identified by ``locator``.</doc>
<msg timestamp="20241119 00:13:22.566" level="INFO">Typing text 'testuser' into text field 'username'.</msg>
<status status="PASS" starttime="20241119 00:13:22.565" endtime="20241119 00:13:24.151"/>
</kw>
<status status="PASS" starttime="20241119 00:13:22.564" endtime="20241119 00:13:24.151"/>
</kw>
<kw name="Set Password">
<arg>test123</arg>
<kw name="Input Password" library="SeleniumLibrary">
<arg>password</arg>
<arg>${password}</arg>
<doc>Types the given password into the text field identified by ``locator``.</doc>
<msg timestamp="20241119 00:13:24.153" level="INFO">Typing password into text field 'password'.</msg>
<msg timestamp="20241119 00:13:25.192" level="INFO">Temporally setting log level to: NONE</msg>
<msg timestamp="20241119 00:13:25.728" level="INFO">Log level changed from NONE to INFO.</msg>
<status status="PASS" starttime="20241119 00:13:24.152" endtime="20241119 00:13:25.729"/>
</kw>
<status status="PASS" starttime="20241119 00:13:24.151" endtime="20241119 00:13:25.729"/>
</kw>
<kw name="Set Password Confirmation">
<arg>test123</arg>
<kw name="Input Password" library="SeleniumLibrary">
<arg>password_confirmation</arg>
<arg>${password}</arg>
<doc>Types the given password into the text field identified by ``locator``.</doc>
<msg timestamp="20241119 00:13:25.731" level="INFO">Typing password into text field 'password_confirmation'.</msg>
<msg timestamp="20241119 00:13:26.772" level="INFO">Temporally setting log level to: NONE</msg>
<msg timestamp="20241119 00:13:27.303" level="INFO">Log level changed from NONE to INFO.</msg>
<status status="PASS" starttime="20241119 00:13:25.730" endtime="20241119 00:13:27.303"/>
</kw>
<status status="PASS" starttime="20241119 00:13:25.729" endtime="20241119 00:13:27.303"/>
</kw>
<kw name="Submit Registration">
<kw name="Click Button" library="SeleniumLibrary">
<arg>Register</arg>
<doc>Clicks the button identified by ``locator``.</doc>
<msg timestamp="20241119 00:13:27.305" level="INFO">Clicking button 'Register'.</msg>
<status status="PASS" starttime="20241119 00:13:27.304" endtime="20241119 00:13:29.374"/>
</kw>
<status status="PASS" starttime="20241119 00:13:27.304" endtime="20241119 00:13:29.374"/>
</kw>
<kw name="Registration Should Fail With Message">
<arg>Password must be at least 8 characters long</arg>
<kw name="Register Page Should Be Open" library="resource">
<kw name="Title Should Be" library="SeleniumLibrary">
<arg>Register</arg>
<doc>Verifies that the current page title equals ``title``.</doc>
<msg timestamp="20241119 00:13:29.883" level="INFO">Page title is 'Register'.</msg>
<status status="PASS" starttime="20241119 00:13:29.375" endtime="20241119 00:13:29.883"/>
</kw>
<status status="PASS" starttime="20241119 00:13:29.375" endtime="20241119 00:13:29.883"/>
</kw>
<kw name="Page Should Contain" library="SeleniumLibrary">
<arg>${message}</arg>
<doc>Verifies that current page contains ``text``.</doc>
<msg timestamp="20241119 00:13:30.907" level="INFO">Current page contains text 'Password must be at least 8 characters long'.</msg>
<status status="PASS" starttime="20241119 00:13:29.883" endtime="20241119 00:13:30.908"/>
</kw>
<status status="PASS" starttime="20241119 00:13:29.375" endtime="20241119 00:13:30.908"/>
</kw>
<status status="PASS" starttime="20241119 00:13:22.042" endtime="20241119 00:13:30.908"/>
</test>
<test id="s1-t4" name="Register With Valid Username And Invalid Password" line="29">
<kw name="Reset Application Create User And Go To Register Page" type="SETUP">
<kw name="Reset Application" library="AppLibrary">
<status status="PASS" starttime="20241119 00:13:30.911" endtime="20241119 00:13:30.917"/>
</kw>
<kw name="Go To Register Page" library="resource">
<kw name="Go To" library="SeleniumLibrary">
<arg>${REGISTER_URL}</arg>
<doc>Navigates the current browser window to the provided ``url``.</doc>
<msg timestamp="20241119 00:13:30.918" level="INFO">Opening url 'http://localhost:5001/register'</msg>
<status status="PASS" starttime="20241119 00:13:30.918" endtime="20241119 00:13:31.439"/>
</kw>
<status status="PASS" starttime="20241119 00:13:30.918" endtime="20241119 00:13:31.440"/>
</kw>
<status status="PASS" starttime="20241119 00:13:30.910" endtime="20241119 00:13:31.440"/>
</kw>
<kw name="Set Username">
<arg>testuser</arg>
<kw name="Input Text" library="SeleniumLibrary">
<arg>username</arg>
<arg>${username}</arg>
<doc>Types the given ``text`` into the text field identified by ``locator``.</doc>
<msg timestamp="20241119 00:13:31.440" level="INFO">Typing text 'testuser' into text field 'username'.</msg>
<status status="PASS" starttime="20241119 00:13:31.440" endtime="20241119 00:13:33.015"/>
</kw>
<status status="PASS" starttime="20241119 00:13:31.440" endtime="20241119 00:13:33.016"/>
</kw>
<kw name="Set Password">
<arg>abcdefghi</arg>
<kw name="Input Password" library="SeleniumLibrary">
<arg>password</arg>
<arg>${password}</arg>
<doc>Types the given password into the text field identified by ``locator``.</doc>
<msg timestamp="20241119 00:13:33.016" level="INFO">Typing password into text field 'password'.</msg>
<msg timestamp="20241119 00:13:34.050" level="INFO">Temporally setting log level to: NONE</msg>
<msg timestamp="20241119 00:13:34.595" level="INFO">Log level changed from NONE to INFO.</msg>
<status status="PASS" starttime="20241119 00:13:33.016" endtime="20241119 00:13:34.595"/>
</kw>
<status status="PASS" starttime="20241119 00:13:33.016" endtime="20241119 00:13:34.596"/>
</kw>
<kw name="Set Password Confirmation">
<arg>abcdefghi</arg>
<kw name="Input Password" library="SeleniumLibrary">
<arg>password_confirmation</arg>
<arg>${password}</arg>
<doc>Types the given password into the text field identified by ``locator``.</doc>
<msg timestamp="20241119 00:13:34.598" level="INFO">Typing password into text field 'password_confirmation'.</msg>
<msg timestamp="20241119 00:13:35.635" level="INFO">Temporally setting log level to: NONE</msg>
<msg timestamp="20241119 00:13:36.177" level="INFO">Log level changed from NONE to INFO.</msg>
<status status="PASS" starttime="20241119 00:13:34.597" endtime="20241119 00:13:36.177"/>
</kw>
<status status="PASS" starttime="20241119 00:13:34.596" endtime="20241119 00:13:36.177"/>
</kw>
<kw name="Submit Registration">
<kw name="Click Button" library="SeleniumLibrary">
<arg>Register</arg>
<doc>Clicks the button identified by ``locator``.</doc>
<msg timestamp="20241119 00:13:36.179" level="INFO">Clicking button 'Register'.</msg>
<status status="PASS" starttime="20241119 00:13:36.178" endtime="20241119 00:13:38.245"/>
</kw>
<status status="PASS" starttime="20241119 00:13:36.178" endtime="20241119 00:13:38.245"/>
</kw>
<kw name="Registration Should Fail With Message">
<arg>Password can not contain only letters</arg>
<kw name="Register Page Should Be Open" library="resource">
<kw name="Title Should Be" library="SeleniumLibrary">
<arg>Register</arg>
<doc>Verifies that the current page title equals ``title``.</doc>
<msg timestamp="20241119 00:13:38.755" level="INFO">Page title is 'Register'.</msg>
<status status="PASS" starttime="20241119 00:13:38.246" endtime="20241119 00:13:38.755"/>
</kw>
<status status="PASS" starttime="20241119 00:13:38.246" endtime="20241119 00:13:38.755"/>
</kw>
<kw name="Page Should Contain" library="SeleniumLibrary">
<arg>${message}</arg>
<doc>Verifies that current page contains ``text``.</doc>
<msg timestamp="20241119 00:13:39.774" level="INFO">Current page contains text 'Password can not contain only letters'.</msg>
<status status="PASS" starttime="20241119 00:13:38.755" endtime="20241119 00:13:39.774"/>
</kw>
<status status="PASS" starttime="20241119 00:13:38.246" endtime="20241119 00:13:39.775"/>
</kw>
<status status="PASS" starttime="20241119 00:13:30.909" endtime="20241119 00:13:39.775"/>
</test>
<test id="s1-t5" name="Register With Nonmatching Password And Password Confirmation" line="36">
<kw name="Reset Application Create User And Go To Register Page" type="SETUP">
<kw name="Reset Application" library="AppLibrary">
<status status="PASS" starttime="20241119 00:13:39.776" endtime="20241119 00:13:39.780"/>
</kw>
<kw name="Go To Register Page" library="resource">
<kw name="Go To" library="SeleniumLibrary">
<arg>${REGISTER_URL}</arg>
<doc>Navigates the current browser window to the provided ``url``.</doc>
<msg timestamp="20241119 00:13:39.781" level="INFO">Opening url 'http://localhost:5001/register'</msg>
<status status="PASS" starttime="20241119 00:13:39.780" endtime="20241119 00:13:40.299"/>
</kw>
<status status="PASS" starttime="20241119 00:13:39.780" endtime="20241119 00:13:40.299"/>
</kw>
<status status="PASS" starttime="20241119 00:13:39.776" endtime="20241119 00:13:40.299"/>
</kw>
<kw name="Set Username">
<arg>testuser</arg>
<kw name="Input Text" library="SeleniumLibrary">
<arg>username</arg>
<arg>${username}</arg>
<doc>Types the given ``text`` into the text field identified by ``locator``.</doc>
<msg timestamp="20241119 00:13:40.302" level="INFO">Typing text 'testuser' into text field 'username'.</msg>
<status status="PASS" starttime="20241119 00:13:40.300" endtime="20241119 00:13:41.868"/>
</kw>
<status status="PASS" starttime="20241119 00:13:40.300" endtime="20241119 00:13:41.868"/>
</kw>
<kw name="Set Password">
<arg>test12345</arg>
<kw name="Input Password" library="SeleniumLibrary">
<arg>password</arg>
<arg>${password}</arg>
<doc>Types the given password into the text field identified by ``locator``.</doc>
<msg timestamp="20241119 00:13:41.871" level="INFO">Typing password into text field 'password'.</msg>
<msg timestamp="20241119 00:13:42.910" level="INFO">Temporally setting log level to: NONE</msg>
<msg timestamp="20241119 00:13:43.452" level="INFO">Log level changed from NONE to INFO.</msg>
<status status="PASS" starttime="20241119 00:13:41.870" endtime="20241119 00:13:43.452"/>
</kw>
<status status="PASS" starttime="20241119 00:13:41.869" endtime="20241119 00:13:43.452"/>
</kw>
<kw name="Set Password Confirmation">
<arg>test54321</arg>
<kw name="Input Password" library="SeleniumLibrary">
<arg>password_confirmation</arg>
<arg>${password}</arg>
<doc>Types the given password into the text field identified by ``locator``.</doc>
<msg timestamp="20241119 00:13:43.453" level="INFO">Typing password into text field 'password_confirmation'.</msg>
<msg timestamp="20241119 00:13:44.493" level="INFO">Temporally setting log level to: NONE</msg>
<msg timestamp="20241119 00:13:45.034" level="INFO">Log level changed from NONE to INFO.</msg>
<status status="PASS" starttime="20241119 00:13:43.452" endtime="20241119 00:13:45.034"/>
</kw>
<status status="PASS" starttime="20241119 00:13:43.452" endtime="20241119 00:13:45.034"/>
</kw>
<kw name="Submit Registration">
<kw name="Click Button" library="SeleniumLibrary">
<arg>Register</arg>
<doc>Clicks the button identified by ``locator``.</doc>
<msg timestamp="20241119 00:13:45.035" level="INFO">Clicking button 'Register'.</msg>
<status status="PASS" starttime="20241119 00:13:45.035" endtime="20241119 00:13:47.120"/>
</kw>
<status status="PASS" starttime="20241119 00:13:45.034" endtime="20241119 00:13:47.120"/>
</kw>
<kw name="Registration Should Fail With Message">
<arg>Passwords do not match</arg>
<kw name="Register Page Should Be Open" library="resource">
<kw name="Title Should Be" library="SeleniumLibrary">
<arg>Register</arg>
<doc>Verifies that the current page title equals ``title``.</doc>
<msg timestamp="20241119 00:13:47.626" level="INFO">Page title is 'Register'.</msg>
<status status="PASS" starttime="20241119 00:13:47.121" endtime="20241119 00:13:47.626"/>
</kw>
<status status="PASS" starttime="20241119 00:13:47.121" endtime="20241119 00:13:47.626"/>
</kw>
<kw name="Page Should Contain" library="SeleniumLibrary">
<arg>${message}</arg>
<doc>Verifies that current page contains ``text``.</doc>
<msg timestamp="20241119 00:13:48.653" level="INFO">Current page contains text 'Passwords do not match'.</msg>
<status status="PASS" starttime="20241119 00:13:47.626" endtime="20241119 00:13:48.654"/>
</kw>
<status status="PASS" starttime="20241119 00:13:47.120" endtime="20241119 00:13:48.654"/>
</kw>
<status status="PASS" starttime="20241119 00:13:39.775" endtime="20241119 00:13:48.655"/>
</test>
<test id="s1-t6" name="Register With Username That Is Already In Use" line="43">
<kw name="Reset Application Create User And Go To Register Page" type="SETUP">
<kw name="Reset Application" library="AppLibrary">
<status status="PASS" starttime="20241119 00:13:48.657" endtime="20241119 00:13:48.664"/>
</kw>
<kw name="Go To Register Page" library="resource">
<kw name="Go To" library="SeleniumLibrary">
<arg>${REGISTER_URL}</arg>
<doc>Navigates the current browser window to the provided ``url``.</doc>
<msg timestamp="20241119 00:13:48.665" level="INFO">Opening url 'http://localhost:5001/register'</msg>
<status status="PASS" starttime="20241119 00:13:48.664" endtime="20241119 00:13:49.183"/>
</kw>
<status status="PASS" starttime="20241119 00:13:48.664" endtime="20241119 00:13:49.184"/>
</kw>
<status status="PASS" starttime="20241119 00:13:48.656" endtime="20241119 00:13:49.184"/>
</kw>
<kw name="Create User" library="AppLibrary">
<arg>kalle</arg>
<arg>kalle123456</arg>
<status status="PASS" starttime="20241119 00:13:49.184" endtime="20241119 00:13:49.196"/>
</kw>
<kw name="Set Username">
<arg>kalle</arg>
<kw name="Input Text" library="SeleniumLibrary">
<arg>username</arg>
<arg>${username}</arg>
<doc>Types the given ``text`` into the text field identified by ``locator``.</doc>
<msg timestamp="20241119 00:13:49.197" level="INFO">Typing text 'kalle' into text field 'username'.</msg>
<status status="PASS" starttime="20241119 00:13:49.197" endtime="20241119 00:13:50.776"/>
</kw>
<status status="PASS" starttime="20241119 00:13:49.196" endtime="20241119 00:13:50.777"/>
</kw>
<kw name="Set Password">
<arg>test12345</arg>
<kw name="Input Password" library="SeleniumLibrary">
<arg>password</arg>
<arg>${password}</arg>
<doc>Types the given password into the text field identified by ``locator``.</doc>
<msg timestamp="20241119 00:13:50.778" level="INFO">Typing password into text field 'password'.</msg>
<msg timestamp="20241119 00:13:51.817" level="INFO">Temporally setting log level to: NONE</msg>
<msg timestamp="20241119 00:13:52.358" level="INFO">Log level changed from NONE to INFO.</msg>
<status status="PASS" starttime="20241119 00:13:50.778" endtime="20241119 00:13:52.358"/>
</kw>
<status status="PASS" starttime="20241119 00:13:50.777" endtime="20241119 00:13:52.358"/>
</kw>
<kw name="Set Password Confirmation">
<arg>test12345</arg>
<kw name="Input Password" library="SeleniumLibrary">
<arg>password_confirmation</arg>
<arg>${password}</arg>
<doc>Types the given password into the text field identified by ``locator``.</doc>
<msg timestamp="20241119 00:13:52.360" level="INFO">Typing password into text field 'password_confirmation'.</msg>
<msg timestamp="20241119 00:13:53.402" level="INFO">Temporally setting log level to: NONE</msg>
<msg timestamp="20241119 00:13:53.941" level="INFO">Log level changed from NONE to INFO.</msg>
<status status="PASS" starttime="20241119 00:13:52.359" endtime="20241119 00:13:53.941"/>
</kw>
<status status="PASS" starttime="20241119 00:13:52.359" endtime="20241119 00:13:53.941"/>
</kw>
<kw name="Submit Registration">
<kw name="Click Button" library="SeleniumLibrary">
<arg>Register</arg>
<doc>Clicks the button identified by ``locator``.</doc>
<msg timestamp="20241119 00:13:53.943" level="INFO">Clicking button 'Register'.</msg>
<status status="PASS" starttime="20241119 00:13:53.942" endtime="20241119 00:13:56.037"/>
</kw>
<status status="PASS" starttime="20241119 00:13:53.942" endtime="20241119 00:13:56.038"/>
</kw>
<kw name="Registration Should Fail With Message">
<arg>Username is already taken</arg>
<kw name="Register Page Should Be Open" library="resource">
<kw name="Title Should Be" library="SeleniumLibrary">
<arg>Register</arg>
<doc>Verifies that the current page title equals ``title``.</doc>
<msg timestamp="20241119 00:13:56.549" level="INFO">Page title is 'Register'.</msg>
<status status="PASS" starttime="20241119 00:13:56.039" endtime="20241119 00:13:56.549"/>
</kw>
<status status="PASS" starttime="20241119 00:13:56.039" endtime="20241119 00:13:56.549"/>
</kw>
<kw name="Page Should Contain" library="SeleniumLibrary">
<arg>${message}</arg>
<doc>Verifies that current page contains ``text``.</doc>
<msg timestamp="20241119 00:13:57.571" level="INFO">Current page contains text 'Username is already taken'.</msg>
<status status="PASS" starttime="20241119 00:13:56.550" endtime="20241119 00:13:57.572"/>
</kw>
<status status="PASS" starttime="20241119 00:13:56.038" endtime="20241119 00:13:57.572"/>
</kw>
<status status="PASS" starttime="20241119 00:13:48.655" endtime="20241119 00:13:57.572"/>
</test>
<test id="s1-t7" name="Login After Successful Registration" line="51">
<kw name="Reset Application Create User And Go To Register Page" type="SETUP">
<kw name="Reset Application" library="AppLibrary">
<status status="PASS" starttime="20241119 00:13:57.575" endtime="20241119 00:13:57.582"/>
</kw>
<kw name="Go To Register Page" library="resource">
<kw name="Go To" library="SeleniumLibrary">
<arg>${REGISTER_URL}</arg>
<doc>Navigates the current browser window to the provided ``url``.</doc>
<msg timestamp="20241119 00:13:57.583" level="INFO">Opening url 'http://localhost:5001/register'</msg>
<status status="PASS" starttime="20241119 00:13:57.583" endtime="20241119 00:13:58.106"/>
</kw>
<status status="PASS" starttime="20241119 00:13:57.582" endtime="20241119 00:13:58.106"/>
</kw>
<status status="PASS" starttime="20241119 00:13:57.574" endtime="20241119 00:13:58.106"/>
</kw>
<kw name="Set Username">
<arg>newuser</arg>
<kw name="Input Text" library="SeleniumLibrary">
<arg>username</arg>
<arg>${username}</arg>
<doc>Types the given ``text`` into the text field identified by ``locator``.</doc>
<msg timestamp="20241119 00:13:58.108" level="INFO">Typing text 'newuser' into text field 'username'.</msg>
<status status="PASS" starttime="20241119 00:13:58.108" endtime="20241119 00:13:59.692"/>
</kw>
<status status="PASS" starttime="20241119 00:13:58.107" endtime="20241119 00:13:59.692"/>
</kw>
<kw name="Set Password">
<arg>newpass123</arg>
<kw name="Input Password" library="SeleniumLibrary">
<arg>password</arg>
<arg>${password}</arg>
<doc>Types the given password into the text field identified by ``locator``.</doc>
<msg timestamp="20241119 00:13:59.694" level="INFO">Typing password into text field 'password'.</msg>
<msg timestamp="20241119 00:14:00.734" level="INFO">Temporally setting log level to: NONE</msg>
<msg timestamp="20241119 00:14:01.276" level="INFO">Log level changed from NONE to INFO.</msg>
<status status="PASS" starttime="20241119 00:13:59.693" endtime="20241119 00:14:01.276"/>
</kw>
<status status="PASS" starttime="20241119 00:13:59.693" endtime="20241119 00:14:01.276"/>
</kw>
<kw name="Set Password Confirmation">
<arg>newpass123</arg>
<kw name="Input Password" library="SeleniumLibrary">
<arg>password_confirmation</arg>
<arg>${password}</arg>
<doc>Types the given password into the text field identified by ``locator``.</doc>
<msg timestamp="20241119 00:14:01.278" level="INFO">Typing password into text field 'password_confirmation'.</msg>
<msg timestamp="20241119 00:14:02.315" level="INFO">Temporally setting log level to: NONE</msg>
<msg timestamp="20241119 00:14:02.853" level="INFO">Log level changed from NONE to INFO.</msg>
<status status="PASS" starttime="20241119 00:14:01.277" endtime="20241119 00:14:02.853"/>
</kw>
<status status="PASS" starttime="20241119 00:14:01.276" endtime="20241119 00:14:02.853"/>
</kw>
<kw name="Submit Registration">
<kw name="Click Button" library="SeleniumLibrary">
<arg>Register</arg>
<doc>Clicks the button identified by ``locator``.</doc>
<msg timestamp="20241119 00:14:02.855" level="INFO">Clicking button 'Register'.</msg>
<status status="PASS" starttime="20241119 00:14:02.854" endtime="20241119 00:14:04.944"/>
</kw>
<status status="PASS" starttime="20241119 00:14:02.854" endtime="20241119 00:14:04.944"/>
</kw>
<kw name="Click Logout Link" library="resource">
<kw name="Click Link" library="SeleniumLibrary">
<arg>Logout</arg>
<doc>Clicks a link identified by ``locator``.</doc>
<msg timestamp="20241119 00:14:04.946" level="INFO">Clicking link 'Logout'.</msg>
<msg timestamp="20241119 00:14:06.606" level="INFO" html="true">&lt;/td&gt;&lt;/tr&gt;&lt;tr&gt;&lt;td colspan="3"&gt;&lt;a href="selenium-screenshot-7.png"&gt;&lt;img src="selenium-screenshot-7.png" width="800px"&gt;&lt;/a&gt;</msg>
<msg timestamp="20241119 00:14:06.606" level="FAIL">Link with locator 'Logout' not found.</msg>
<status status="FAIL" starttime="20241119 00:14:04.945" endtime="20241119 00:14:06.609"/>
</kw>
<status status="FAIL" starttime="20241119 00:14:04.945" endtime="20241119 00:14:06.609"/>
</kw>
<kw name="Go To Login Page" library="resource">
<status status="NOT RUN" starttime="20241119 00:14:06.609" endtime="20241119 00:14:06.609"/>
</kw>
<kw name="Set Username">
<arg>newuser</arg>
<status status="NOT RUN" starttime="20241119 00:14:06.610" endtime="20241119 00:14:06.610"/>
</kw>
<kw name="Set Password">
<arg>newpass123</arg>
<status status="NOT RUN" starttime="20241119 00:14:06.610" endtime="20241119 00:14:06.610"/>
</kw>
<kw name="Submit Credentials">
<status status="NOT RUN" starttime="20241119 00:14:06.610" endtime="20241119 00:14:06.610"/>
</kw>
<kw name="Main Page Should Be Open" library="resource">
<status status="NOT RUN" starttime="20241119 00:14:06.610" endtime="20241119 00:14:06.610"/>
</kw>
<status status="FAIL" starttime="20241119 00:13:57.573" endtime="20241119 00:14:06.610">Link with locator 'Logout' not found.</status>
</test>
<test id="s1-t8" name="Login After Failed Registration" line="63">
<kw name="Reset Application Create User And Go To Register Page" type="SETUP">
<kw name="Reset Application" library="AppLibrary">
<status status="PASS" starttime="20241119 00:14:06.611" endtime="20241119 00:14:06.614"/>
</kw>
<kw name="Go To Register Page" library="resource">
<kw name="Go To" library="SeleniumLibrary">
<arg>${REGISTER_URL}</arg>
<doc>Navigates the current browser window to the provided ``url``.</doc>
<msg timestamp="20241119 00:14:06.615" level="INFO">Opening url 'http://localhost:5001/register'</msg>
<status status="PASS" starttime="20241119 00:14:06.614" endtime="20241119 00:14:07.128"/>
</kw>
<status status="PASS" starttime="20241119 00:14:06.614" endtime="20241119 00:14:07.129"/>
</kw>
<status status="PASS" starttime="20241119 00:14:06.611" endtime="20241119 00:14:07.129"/>
</kw>
<kw name="Set Username">
<arg>us</arg>
<kw name="Input Text" library="SeleniumLibrary">
<arg>username</arg>
<arg>${username}</arg>
<doc>Types the given ``text`` into the text field identified by ``locator``.</doc>
<msg timestamp="20241119 00:14:07.130" level="INFO">Typing text 'us' into text field 'username'.</msg>
<status status="PASS" starttime="20241119 00:14:07.129" endtime="20241119 00:14:08.703"/>
</kw>
<status status="PASS" starttime="20241119 00:14:07.129" endtime="20241119 00:14:08.703"/>
</kw>
<kw name="Set Password">
<arg>test12345</arg>
<kw name="Input Password" library="SeleniumLibrary">
<arg>password</arg>
<arg>${password}</arg>
<doc>Types the given password into the text field identified by ``locator``.</doc>
<msg timestamp="20241119 00:14:08.704" level="INFO">Typing password into text field 'password'.</msg>
<msg timestamp="20241119 00:14:09.742" level="INFO">Temporally setting log level to: NONE</msg>
<msg timestamp="20241119 00:14:10.266" level="INFO">Log level changed from NONE to INFO.</msg>
<status status="PASS" starttime="20241119 00:14:08.703" endtime="20241119 00:14:10.267"/>
</kw>
<status status="PASS" starttime="20241119 00:14:08.703" endtime="20241119 00:14:10.267"/>
</kw>
<kw name="Set Password Confirmation">
<arg>test12345</arg>
<kw name="Input Password" library="SeleniumLibrary">
<arg>password_confirmation</arg>
<arg>${password}</arg>
<doc>Types the given password into the text field identified by ``locator``.</doc>
<msg timestamp="20241119 00:14:10.268" level="INFO">Typing password into text field 'password_confirmation'.</msg>
<msg timestamp="20241119 00:14:11.309" level="INFO">Temporally setting log level to: NONE</msg>
<msg timestamp="20241119 00:14:11.838" level="INFO">Log level changed from NONE to INFO.</msg>
<status status="PASS" starttime="20241119 00:14:10.268" endtime="20241119 00:14:11.838"/>
</kw>
<status status="PASS" starttime="20241119 00:14:10.267" endtime="20241119 00:14:11.838"/>
</kw>
<kw name="Submit Registration">
<kw name="Click Button" library="SeleniumLibrary">
<arg>Register</arg>
<doc>Clicks the button identified by ``locator``.</doc>
<msg timestamp="20241119 00:14:11.839" level="INFO">Clicking button 'Register'.</msg>
<status status="PASS" starttime="20241119 00:14:11.839" endtime="20241119 00:14:13.926"/>
</kw>
<status status="PASS" starttime="20241119 00:14:11.839" endtime="20241119 00:14:13.926"/>
</kw>
<kw name="Registration Should Fail With Message">
<arg>Username must be at least 3 characters long</arg>
<kw name="Register Page Should Be Open" library="resource">
<kw name="Title Should Be" library="SeleniumLibrary">
<arg>Register</arg>
<doc>Verifies that the current page title equals ``title``.</doc>
<msg timestamp="20241119 00:14:14.434" level="INFO">Page title is 'Register'.</msg>
<status status="PASS" starttime="20241119 00:14:13.927" endtime="20241119 00:14:14.434"/>
</kw>
<status status="PASS" starttime="20241119 00:14:13.927" endtime="20241119 00:14:14.434"/>
</kw>
<kw name="Page Should Contain" library="SeleniumLibrary">
<arg>${message}</arg>
<doc>Verifies that current page contains ``text``.</doc>
<msg timestamp="20241119 00:14:15.454" level="INFO">Current page contains text 'Username must be at least 3 characters long'.</msg>
<status status="PASS" starttime="20241119 00:14:14.434" endtime="20241119 00:14:15.455"/>
</kw>
<status status="PASS" starttime="20241119 00:14:13.927" endtime="20241119 00:14:15.455"/>
</kw>
<kw name="Go To Login Page" library="resource">
<kw name="Go To" library="SeleniumLibrary">
<arg>${LOGIN_URL}</arg>
<doc>Navigates the current browser window to the provided ``url``.</doc>
<msg timestamp="20241119 00:14:15.456" level="INFO">Opening url 'http://localhost:5001/login'</msg>
<status status="PASS" starttime="20241119 00:14:15.456" endtime="20241119 00:14:15.985"/>
</kw>
<status status="PASS" starttime="20241119 00:14:15.455" endtime="20241119 00:14:15.985"/>
</kw>
<kw name="Set Username">
<arg>us</arg>
<kw name="Input Text" library="SeleniumLibrary">
<arg>username</arg>
<arg>${username}</arg>
<doc>Types the given ``text`` into the text field identified by ``locator``.</doc>
<msg timestamp="20241119 00:14:15.986" level="INFO">Typing text 'us' into text field 'username'.</msg>
<status status="PASS" starttime="20241119 00:14:15.985" endtime="20241119 00:14:17.549"/>
</kw>
<status status="PASS" starttime="20241119 00:14:15.985" endtime="20241119 00:14:17.549"/>
</kw>
<kw name="Set Password">
<arg>test12345</arg>
<kw name="Input Password" library="SeleniumLibrary">
<arg>password</arg>
<arg>${password}</arg>
<doc>Types the given password into the text field identified by ``locator``.</doc>
<msg timestamp="20241119 00:14:17.550" level="INFO">Typing password into text field 'password'.</msg>
<msg timestamp="20241119 00:14:18.585" level="INFO">Temporally setting log level to: NONE</msg>
<msg timestamp="20241119 00:14:19.129" level="INFO">Log level changed from NONE to INFO.</msg>
<status status="PASS" starttime="20241119 00:14:17.549" endtime="20241119 00:14:19.129"/>
</kw>
<status status="PASS" starttime="20241119 00:14:17.549" endtime="20241119 00:14:19.129"/>
</kw>
<kw name="Submit Credentials">
<kw name="Click Button" library="SeleniumLibrary">
<arg>Login</arg>
<doc>Clicks the button identified by ``locator``.</doc>
<msg timestamp="20241119 00:14:19.131" level="INFO">Clicking button 'Login'.</msg>
<status status="PASS" starttime="20241119 00:14:19.130" endtime="20241119 00:14:21.235"/>
</kw>
<status status="PASS" starttime="20241119 00:14:19.130" endtime="20241119 00:14:21.235"/>
</kw>
<kw name="Login Should Fail With Message">
<arg>Invalid username or password</arg>
<kw name="Login Page Should Be Open" library="resource">
<kw name="Title Should Be" library="SeleniumLibrary">
<arg>Login</arg>
<doc>Verifies that the current page title equals ``title``.</doc>
<msg timestamp="20241119 00:14:21.749" level="INFO">Page title is 'Login'.</msg>
<status status="PASS" starttime="20241119 00:14:21.238" endtime="20241119 00:14:21.749"/>
</kw>
<status status="PASS" starttime="20241119 00:14:21.238" endtime="20241119 00:14:21.749"/>
</kw>
<kw name="Page Should Contain" library="SeleniumLibrary">
<arg>${message}</arg>
<doc>Verifies that current page contains ``text``.</doc>
<msg timestamp="20241119 00:14:22.772" level="INFO">Current page contains text 'Invalid username or password'.</msg>
<status status="PASS" starttime="20241119 00:14:21.750" endtime="20241119 00:14:22.772"/>
</kw>
<status status="PASS" starttime="20241119 00:14:21.237" endtime="20241119 00:14:22.773"/>
</kw>
<status status="PASS" starttime="20241119 00:14:06.610" endtime="20241119 00:14:22.773"/>
</test>
<kw name="Close Browser" library="SeleniumLibrary" type="TEARDOWN">
<doc>Closes the current browser.</doc>
<status status="PASS" starttime="20241119 00:14:22.776" endtime="20241119 00:14:23.345"/>
</kw>
<status status="FAIL" starttime="20241119 00:13:04.345" endtime="20241119 00:14:23.345"/>
</suite>
<statistics>
<total>
<stat pass="7" fail="1" skip="0">All Tests</stat>
</total>
<tag>
</tag>
<suite>
<stat pass="7" fail="1" skip="0" id="s1" name="Register">Register</stat>
</suite>
</statistics>
<errors>
</errors>
</robot>
